Using pre-set license
Built from '2020.3/staging' branch; Version is '2020.3.5f1 (8095aa901b9b) revision 8426922'; Using compiler version '192528614'; Build Type 'Release'
OS: 'Windows 10 Pro; OS build 19042.1165; Version 2009; 64bit' Language: 'es' Physical Memory: 3975 MB
BatchMode: 1, IsHumanControllingUs: 0, StartBugReporterOnCrash: 0, Is64bit: 1, IsPro: 0

 COMMAND LINE ARGUMENTS:
D:\Program Files\Editor\Unity.exe
-adb2
-batchMode
-noUpm
-name
AssetImportWorker0
-projectPath
D:/Program Files/Editor/U Program
-logFile
Logs/AssetImportWorker0.log
-srvPort
56237
Successfully changed project path to: D:/Program Files/Editor/U Program
D:/Program Files/Editor/U Program
Using Asset Import Pipeline V2.
Refreshing native plugins compatible for Editor in 155.91 ms, found 1 plugins.
Preloading 0 native plugins for Editor in 0.00 ms.
Initialize engine version: 2020.3.5f1 (8095aa901b9b)
[Subsystems] Discovering subsystems at path D:/Program Files/Editor/Data/Resources/UnitySubsystems
[Subsystems] Discovering subsystems at path D:/Program Files/Editor/U Program/Assets
GfxDevice: creating device client; threaded=0
Direct3D:
    Version:  Direct3D 11.0 [level 11.0]
    Renderer: NVIDIA GeForce MX110 (ID=0x174e)
    Vendor:   
    VRAM:     2010 MB
    Driver:   27.21.14.5749
Initialize mono
Mono path[0] = 'D:/Program Files/Editor/Data/Managed'
Mono path[1] = 'D:/Program Files/Editor/Data/MonoBleedingEdge/lib/mono/unityjit'
Mono config path = 'D:/Program Files/Editor/Data/MonoBleedingEdge/etc'
Using monoOptions --debugger-agent=transport=dt_socket,embedding=1,server=y,suspend=n,address=127.0.0.1:56148
Begin MonoManager ReloadAssembly
Registering precompiled unity dll's ...
Register platform support module: D:/Program Files/Editor/Data/PlaybackEngines/WindowsStandaloneSupport/UnityEditor.WindowsStandalone.Extensions.dll
Registered in 0.006189 seconds.
Native extension for WindowsStandalone target not found
Refreshing native plugins compatible for Editor in 129.11 ms, found 1 plugins.
Preloading 0 native plugins for Editor in 0.00 ms.
Mono: successfully reloaded assembly
- Completed reload, in  2.778 seconds
Platform modules already initialized, skipping
Registering precompiled user dll's ...
Registered in 0.002233 seconds.
Begin MonoManager ReloadAssembly
Native extension for WindowsStandalone target not found
Refreshing native plugins compatible for Editor in 116.15 ms, found 1 plugins.
Preloading 0 native plugins for Editor in 0.00 ms.
Mono: successfully reloaded assembly
- Completed reload, in  3.158 seconds
Platform modules already initialized, skipping
========================================================================
Worker process is ready to serve import requests
Launched and connected shader compiler UnityShaderCompiler.exe after 0.48 seconds
Refreshing native plugins compatible for Editor in 1.32 ms, found 1 plugins.
Preloading 0 native plugins for Editor in 0.00 ms.
Unloading 1861 Unused Serialized files (Serialized files now loaded: 0)
System memory in use before: 108.2 MB.
System memory in use after: 108.3 MB.

Unloading 20 unused Assets to reduce memory usage. Loaded Objects now: 2334.
Total: 9.010700 ms (FindLiveObjects: 0.756500 ms CreateObjectMapping: 0.505500 ms MarkObjects: 7.320100 ms  DeleteObjects: 0.420000 ms)

========================================================================
Received Import Request.
  path: Assets/Codigo/AuxPlayer.cs
  artifactKey: Guid(8463bddc81fd6e641be3ca8c504abdc3) Importer(815301076,1909f56bfc062723c751e8b465ee728b)
Start importing Assets/Codigo/AuxPlayer.cs using Guid(8463bddc81fd6e641be3ca8c504abdc3) Importer(815301076,1909f56bfc062723c751e8b465ee728b)  -> (artifact id: '3fbc51cf7633eb0c678e8d5194174b7a') in 0.851933 seconds
  Import took 1.015407 seconds .

========================================================================
Received Prepare
Registering precompiled user dll's ...
Registered in 0.003775 seconds.
Begin MonoManager ReloadAssembly
Native extension for WindowsStandalone target not found
Refreshing native plugins compatible for Editor in 0.82 ms, found 1 plugins.
Preloading 0 native plugins for Editor in 0.00 ms.
Mono: successfully reloaded assembly
- Completed reload, in  2.924 seconds
Platform modules already initialized, skipping
Refreshing native plugins compatible for Editor in 1.45 ms, found 1 plugins.
Preloading 0 native plugins for Editor in 0.00 ms.
Unloading 1840 Unused Serialized files (Serialized files now loaded: 0)
System memory in use before: 106.7 MB.
System memory in use after: 106.7 MB.

Unloading 9 unused Assets to reduce memory usage. Loaded Objects now: 2338.
Total: 8.724700 ms (FindLiveObjects: 0.913700 ms CreateObjectMapping: 0.619100 ms MarkObjects: 6.823200 ms  DeleteObjects: 0.363600 ms)

========================================================================
Received Prepare
Registering precompiled user dll's ...
Registered in 0.002590 seconds.
Begin MonoManager ReloadAssembly
Native extension for WindowsStandalone target not found
Refreshing native plugins compatible for Editor in 1.36 ms, found 1 plugins.
Preloading 0 native plugins for Editor in 0.00 ms.
Mono: successfully reloaded assembly
- Completed reload, in  1.906 seconds
Platform modules already initialized, skipping
Refreshing native plugins compatible for Editor in 0.88 ms, found 1 plugins.
Preloading 0 native plugins for Editor in 0.00 ms.
Unloading 1840 Unused Serialized files (Serialized files now loaded: 0)
System memory in use before: 106.7 MB.
System memory in use after: 106.8 MB.

Unloading 9 unused Assets to reduce memory usage. Loaded Objects now: 2342.
Total: 5.574900 ms (FindLiveObjects: 0.583300 ms CreateObjectMapping: 0.282800 ms MarkObjects: 4.521900 ms  DeleteObjects: 0.184000 ms)

========================================================================
Received Prepare
Registering precompiled user dll's ...
Registered in 0.002330 seconds.
Begin MonoManager ReloadAssembly
Native extension for WindowsStandalone target not found
Refreshing native plugins compatible for Editor in 1.21 ms, found 1 plugins.
Preloading 0 native plugins for Editor in 0.00 ms.
Mono: successfully reloaded assembly
- Completed reload, in  3.381 seconds
Platform modules already initialized, skipping
Refreshing native plugins compatible for Editor in 1.24 ms, found 1 plugins.
Preloading 0 native plugins for Editor in 0.00 ms.
Unloading 1840 Unused Serialized files (Serialized files now loaded: 0)
System memory in use before: 106.7 MB.
System memory in use after: 106.8 MB.

Unloading 9 unused Assets to reduce memory usage. Loaded Objects now: 2346.
Total: 7.912800 ms (FindLiveObjects: 0.773100 ms CreateObjectMapping: 0.491800 ms MarkObjects: 6.379900 ms  DeleteObjects: 0.262800 ms)

========================================================================
Received Prepare
Registering precompiled user dll's ...
Registered in 0.002786 seconds.
Begin MonoManager ReloadAssembly
Native extension for WindowsStandalone target not found
Refreshing native plugins compatible for Editor in 0.84 ms, found 1 plugins.
Preloading 0 native plugins for Editor in 0.00 ms.
Mono: successfully reloaded assembly
- Completed reload, in  2.950 seconds
Platform modules already initialized, skipping
Refreshing native plugins compatible for Editor in 0.83 ms, found 1 plugins.
Preloading 0 native plugins for Editor in 0.00 ms.
Unloading 1840 Unused Serialized files (Serialized files now loaded: 0)
System memory in use before: 106.7 MB.
System memory in use after: 106.8 MB.

Unloading 9 unused Assets to reduce memory usage. Loaded Objects now: 2350.
Total: 5.742500 ms (FindLiveObjects: 0.858200 ms CreateObjectMapping: 0.336800 ms MarkObjects: 4.352000 ms  DeleteObjects: 0.190400 ms)

========================================================================
Received Prepare
Registering precompiled user dll's ...
Registered in 0.002231 seconds.
Begin MonoManager ReloadAssembly
Native extension for WindowsStandalone target not found
Refreshing native plugins compatible for Editor in 1.16 ms, found 1 plugins.
Preloading 0 native plugins for Editor in 0.00 ms.
Mono: successfully reloaded assembly
- Completed reload, in  1.905 seconds
Platform modules already initialized, skipping
Refreshing native plugins compatible for Editor in 0.83 ms, found 1 plugins.
Preloading 0 native plugins for Editor in 0.00 ms.
Unloading 1840 Unused Serialized files (Serialized files now loaded: 0)
System memory in use before: 106.7 MB.
System memory in use after: 106.8 MB.

Unloading 9 unused Assets to reduce memory usage. Loaded Objects now: 2354.
Total: 5.169100 ms (FindLiveObjects: 0.776000 ms CreateObjectMapping: 0.327800 ms MarkObjects: 3.839800 ms  DeleteObjects: 0.221800 ms)

========================================================================
Received Prepare
Registering precompiled user dll's ...
Registered in 0.089922 seconds.
Begin MonoManager ReloadAssembly
Native extension for WindowsStandalone target not found
Refreshing native plugins compatible for Editor in 1.32 ms, found 1 plugins.
Preloading 0 native plugins for Editor in 0.00 ms.
Mono: successfully reloaded assembly
- Completed reload, in  3.919 seconds
Platform modules already initialized, skipping
Refreshing native plugins compatible for Editor in 1.60 ms, found 1 plugins.
Preloading 0 native plugins for Editor in 0.00 ms.
Unloading 1840 Unused Serialized files (Serialized files now loaded: 0)
System memory in use before: 106.8 MB.
System memory in use after: 106.8 MB.

Unloading 9 unused Assets to reduce memory usage. Loaded Objects now: 2358.
Total: 12.000300 ms (FindLiveObjects: 0.918000 ms CreateObjectMapping: 0.460300 ms MarkObjects: 10.284800 ms  DeleteObjects: 0.329400 ms)

========================================================================
Received Import Request.
  Time since last request: 2387.431289 seconds.
  path: Assets/Pregunta.prefab
  artifactKey: Guid(958db3a4378c5d64e81d9f3008f2f747) Importer(815301076,1909f56bfc062723c751e8b465ee728b)
Start importing Assets/Pregunta.prefab using Guid(958db3a4378c5d64e81d9f3008f2f747) Importer(815301076,1909f56bfc062723c751e8b465ee728b)  -> (artifact id: 'cc3e8bec356b953172193cae14fe3a56') in 1.711007 seconds
  Import took 1.788899 seconds .

========================================================================
Received Import Request.
  Time since last request: 11.890860 seconds.
  path: Assets/Pregunta.prefab
  artifactKey: Guid(958db3a4378c5d64e81d9f3008f2f747) Importer(815301076,1909f56bfc062723c751e8b465ee728b)
Start importing Assets/Pregunta.prefab using Guid(958db3a4378c5d64e81d9f3008f2f747) Importer(815301076,1909f56bfc062723c751e8b465ee728b)  -> (artifact id: 'bb128aaad889bf3d434ff5b35befc0ef') in 0.110653 seconds
  Import took 0.180883 seconds .

========================================================================
Received Import Request.
  Time since last request: 29.662705 seconds.
  path: Assets/Pregunta.prefab
  artifactKey: Guid(958db3a4378c5d64e81d9f3008f2f747) Importer(815301076,1909f56bfc062723c751e8b465ee728b)
Start importing Assets/Pregunta.prefab using Guid(958db3a4378c5d64e81d9f3008f2f747) Importer(815301076,1909f56bfc062723c751e8b465ee728b)  -> (artifact id: 'b3ca209a4c6c1f1216aaa295bf089b8a') in 0.043347 seconds
  Import took 0.070525 seconds .

========================================================================
Received Import Request.
  Time since last request: 0.009092 seconds.
  path: Assets/Pregunta.prefab
  artifactKey: Guid(958db3a4378c5d64e81d9f3008f2f747) Importer(815301076,1909f56bfc062723c751e8b465ee728b)
Start importing Assets/Pregunta.prefab using Guid(958db3a4378c5d64e81d9f3008f2f747) Importer(815301076,1909f56bfc062723c751e8b465ee728b)  -> (artifact id: 'b3ca209a4c6c1f1216aaa295bf089b8a') in 0.043957 seconds
  Import took 0.067539 seconds .

========================================================================
Received Import Request.
  Time since last request: 149.573649 seconds.
  path: Assets/Pregunta.prefab
  artifactKey: Guid(958db3a4378c5d64e81d9f3008f2f747) Importer(815301076,1909f56bfc062723c751e8b465ee728b)
Start importing Assets/Pregunta.prefab using Guid(958db3a4378c5d64e81d9f3008f2f747) Importer(815301076,1909f56bfc062723c751e8b465ee728b)  -> (artifact id: '48715399c294b8fe32612066250fa764') in 0.068963 seconds
  Import took 0.129074 seconds .

========================================================================
Received Prepare
Registering precompiled user dll's ...
Registered in 0.021128 seconds.
Begin MonoManager ReloadAssembly
Native extension for WindowsStandalone target not found
Refreshing native plugins compatible for Editor in 0.48 ms, found 1 plugins.
Preloading 0 native plugins for Editor in 0.00 ms.
Mono: successfully reloaded assembly
- Completed reload, in  1.027 seconds
Platform modules already initialized, skipping
Refreshing native plugins compatible for Editor in 0.50 ms, found 1 plugins.
Preloading 0 native plugins for Editor in 0.00 ms.
Unloading 1840 Unused Serialized files (Serialized files now loaded: 0)
System memory in use before: 109.9 MB.
System memory in use after: 109.9 MB.

Unloading 9 unused Assets to reduce memory usage. Loaded Objects now: 2369.
Total: 2.532700 ms (FindLiveObjects: 0.395500 ms CreateObjectMapping: 0.230500 ms MarkObjects: 1.780300 ms  DeleteObjects: 0.124200 ms)

========================================================================
Received Import Request.
  Time since last request: 372.850483 seconds.
  path: Assets/Codigo/AuxPlayer.cs
  artifactKey: Guid(8463bddc81fd6e641be3ca8c504abdc3) Importer(815301076,1909f56bfc062723c751e8b465ee728b)
Start importing Assets/Codigo/AuxPlayer.cs using Guid(8463bddc81fd6e641be3ca8c504abdc3) Importer(815301076,1909f56bfc062723c751e8b465ee728b)  -> (artifact id: 'debbcbaac6dacef2c0652614c4f2d67c') in 0.005783 seconds
  Import took 0.074542 seconds .

========================================================================
Received Import Request.
  Time since last request: 30.938848 seconds.
  path: Assets/Codigo/AuxPlayer.cs
  artifactKey: Guid(8463bddc81fd6e641be3ca8c504abdc3) Importer(815301076,1909f56bfc062723c751e8b465ee728b)
Start importing Assets/Codigo/AuxPlayer.cs using Guid(8463bddc81fd6e641be3ca8c504abdc3) Importer(815301076,1909f56bfc062723c751e8b465ee728b)  -> (artifact id: '1e2ce68f0a08de7833b387e95151704c') in 0.002898 seconds
  Import took 0.068763 seconds .

========================================================================
Received Import Request.
  Time since last request: 0.001316 seconds.
  path: Assets/Codigo/AuxPlayer.cs
  artifactKey: Guid(8463bddc81fd6e641be3ca8c504abdc3) Importer(815301076,1909f56bfc062723c751e8b465ee728b)
Start importing Assets/Codigo/AuxPlayer.cs using Guid(8463bddc81fd6e641be3ca8c504abdc3) Importer(815301076,1909f56bfc062723c751e8b465ee728b)  -> (artifact id: '1e2ce68f0a08de7833b387e95151704c') in 0.002556 seconds
  Import took 0.023921 seconds .

========================================================================
Received Prepare
Registering precompiled user dll's ...
Registered in 0.001569 seconds.
Begin MonoManager ReloadAssembly
Native extension for WindowsStandalone target not found
Refreshing native plugins compatible for Editor in 0.47 ms, found 1 plugins.
Preloading 0 native plugins for Editor in 0.00 ms.
Mono: successfully reloaded assembly
- Completed reload, in  1.386 seconds
Platform modules already initialized, skipping
Refreshing native plugins compatible for Editor in 0.42 ms, found 1 plugins.
Preloading 0 native plugins for Editor in 0.00 ms.
Unloading 1840 Unused Serialized files (Serialized files now loaded: 0)
System memory in use before: 109.9 MB.
System memory in use after: 109.9 MB.

Unloading 9 unused Assets to reduce memory usage. Loaded Objects now: 2373.
Total: 42.732600 ms (FindLiveObjects: 0.663600 ms CreateObjectMapping: 0.145400 ms MarkObjects: 41.812900 ms  DeleteObjects: 0.107200 ms)

========================================================================
Received Prepare
Registering precompiled user dll's ...
Registered in 0.000958 seconds.
Begin MonoManager ReloadAssembly
Native extension for WindowsStandalone target not found
Refreshing native plugins compatible for Editor in 0.63 ms, found 1 plugins.
Preloading 0 native plugins for Editor in 0.00 ms.
Mono: successfully reloaded assembly
- Completed reload, in  1.065 seconds
Platform modules already initialized, skipping
Refreshing native plugins compatible for Editor in 0.55 ms, found 1 plugins.
Preloading 0 native plugins for Editor in 0.00 ms.
Unloading 1840 Unused Serialized files (Serialized files now loaded: 0)
System memory in use before: 109.9 MB.
System memory in use after: 109.9 MB.

Unloading 9 unused Assets to reduce memory usage. Loaded Objects now: 2377.
Total: 3.463600 ms (FindLiveObjects: 0.588400 ms CreateObjectMapping: 0.167100 ms MarkObjects: 2.589400 ms  DeleteObjects: 0.116600 ms)

========================================================================
Received Import Request.
  Time since last request: 383.369982 seconds.
  path: Assets/Codigo/AuxPlayer.cs
  artifactKey: Guid(8463bddc81fd6e641be3ca8c504abdc3) Importer(815301076,1909f56bfc062723c751e8b465ee728b)
Start importing Assets/Codigo/AuxPlayer.cs using Guid(8463bddc81fd6e641be3ca8c504abdc3) Importer(815301076,1909f56bfc062723c751e8b465ee728b)  -> (artifact id: 'ed2e78c3e20f176d9d32043bdbf60493') in 0.005026 seconds
  Import took 0.068187 seconds .

========================================================================
Received Prepare
Registering precompiled user dll's ...
Registered in 0.045243 seconds.
Begin MonoManager ReloadAssembly
Native extension for WindowsStandalone target not found
Refreshing native plugins compatible for Editor in 0.52 ms, found 1 plugins.
Preloading 0 native plugins for Editor in 0.00 ms.
Mono: successfully reloaded assembly
- Completed reload, in  1.064 seconds
Platform modules already initialized, skipping
Refreshing native plugins compatible for Editor in 0.55 ms, found 1 plugins.
Preloading 0 native plugins for Editor in 0.00 ms.
Unloading 1840 Unused Serialized files (Serialized files now loaded: 0)
System memory in use before: 110.0 MB.
System memory in use after: 110.0 MB.

Unloading 9 unused Assets to reduce memory usage. Loaded Objects now: 2381.
Total: 3.682800 ms (FindLiveObjects: 0.293900 ms CreateObjectMapping: 0.106300 ms MarkObjects: 3.150700 ms  DeleteObjects: 0.130000 ms)

========================================================================
Received Import Request.
  Time since last request: 192.420674 seconds.
  path: Assets/Pregunta.prefab
  artifactKey: Guid(958db3a4378c5d64e81d9f3008f2f747) Importer(815301076,1909f56bfc062723c751e8b465ee728b)
Start importing Assets/Pregunta.prefab using Guid(958db3a4378c5d64e81d9f3008f2f747) Importer(815301076,1909f56bfc062723c751e8b465ee728b)  -> (artifact id: 'ce017db674b4125fb564ff6414ccf28b') in 0.274931 seconds
  Import took 0.305431 seconds .

========================================================================
Received Import Request.
  Time since last request: 18.434236 seconds.
  path: Assets/Pregunta.prefab
  artifactKey: Guid(958db3a4378c5d64e81d9f3008f2f747) Importer(815301076,1909f56bfc062723c751e8b465ee728b)
Start importing Assets/Pregunta.prefab using Guid(958db3a4378c5d64e81d9f3008f2f747) Importer(815301076,1909f56bfc062723c751e8b465ee728b)  -> (artifact id: 'b414f45d6637d452044337fb59d3d797') in 0.015700 seconds
  Import took 0.059003 seconds .

========================================================================
Received Prepare
Registering precompiled user dll's ...
Registered in 0.001281 seconds.
Begin MonoManager ReloadAssembly
Native extension for WindowsStandalone target not found
Refreshing native plugins compatible for Editor in 0.59 ms, found 1 plugins.
Preloading 0 native plugins for Editor in 0.00 ms.
Mono: successfully reloaded assembly
- Completed reload, in  1.086 seconds
Platform modules already initialized, skipping
Refreshing native plugins compatible for Editor in 0.51 ms, found 1 plugins.
Preloading 0 native plugins for Editor in 0.00 ms.
Unloading 1840 Unused Serialized files (Serialized files now loaded: 0)
System memory in use before: 110.0 MB.
System memory in use after: 110.1 MB.

Unloading 9 unused Assets to reduce memory usage. Loaded Objects now: 2386.
Total: 2.382400 ms (FindLiveObjects: 0.237000 ms CreateObjectMapping: 0.080600 ms MarkObjects: 1.926100 ms  DeleteObjects: 0.137200 ms)

========================================================================
Received Prepare
Registering precompiled user dll's ...
Registered in 0.001552 seconds.
Begin MonoManager ReloadAssembly
Native extension for WindowsStandalone target not found
Refreshing native plugins compatible for Editor in 0.53 ms, found 1 plugins.
Preloading 0 native plugins for Editor in 0.00 ms.
Mono: successfully reloaded assembly
- Completed reload, in  1.139 seconds
Platform modules already initialized, skipping
Refreshing native plugins compatible for Editor in 0.48 ms, found 1 plugins.
Preloading 0 native plugins for Editor in 0.00 ms.
Unloading 1840 Unused Serialized files (Serialized files now loaded: 0)
System memory in use before: 110.0 MB.
System memory in use after: 110.1 MB.

Unloading 9 unused Assets to reduce memory usage. Loaded Objects now: 2390.
Total: 2.676200 ms (FindLiveObjects: 0.236400 ms CreateObjectMapping: 0.090900 ms MarkObjects: 2.242100 ms  DeleteObjects: 0.105400 ms)

========================================================================
Received Prepare
Registering precompiled user dll's ...
Registered in 0.001587 seconds.
Begin MonoManager ReloadAssembly
Native extension for WindowsStandalone target not found
Refreshing native plugins compatible for Editor in 0.47 ms, found 1 plugins.
Preloading 0 native plugins for Editor in 0.00 ms.
Mono: successfully reloaded assembly
- Completed reload, in  1.017 seconds
Platform modules already initialized, skipping
Refreshing native plugins compatible for Editor in 0.44 ms, found 1 plugins.
Preloading 0 native plugins for Editor in 0.00 ms.
Unloading 1840 Unused Serialized files (Serialized files now loaded: 0)
System memory in use before: 110.0 MB.
System memory in use after: 110.1 MB.

Unloading 9 unused Assets to reduce memory usage. Loaded Objects now: 2394.
Total: 2.922000 ms (FindLiveObjects: 0.358500 ms CreateObjectMapping: 0.115900 ms MarkObjects: 2.325100 ms  DeleteObjects: 0.121000 ms)

========================================================================
Received Import Request.
  Time since last request: 414.377529 seconds.
  path: Assets/Codigo/AuxPlayer.cs
  artifactKey: Guid(8463bddc81fd6e641be3ca8c504abdc3) Importer(815301076,1909f56bfc062723c751e8b465ee728b)
Start importing Assets/Codigo/AuxPlayer.cs using Guid(8463bddc81fd6e641be3ca8c504abdc3) Importer(815301076,1909f56bfc062723c751e8b465ee728b)  -> (artifact id: '58848edee205c01aa4a068179fee9cf2') in 0.007422 seconds
  Import took 0.025307 seconds .

========================================================================
Received Import Request.
  Time since last request: 11.189845 seconds.
  path: Assets/Codigo/MoverCielo.cs
  artifactKey: Guid(808d10bf5b94d4e40be0974a48df95fd) Importer(815301076,1909f56bfc062723c751e8b465ee728b)
Start importing Assets/Codigo/MoverCielo.cs using Guid(808d10bf5b94d4e40be0974a48df95fd) Importer(815301076,1909f56bfc062723c751e8b465ee728b)  -> (artifact id: 'a369489f7fff32bc69ac7194a7ee636e') in 0.003553 seconds
  Import took 0.024734 seconds .

========================================================================
Received Import Request.
  Time since last request: 4.851918 seconds.
  path: Assets/Codigo/Player.cs
  artifactKey: Guid(d6f6a16ac0f4e3642a0c4d3b5bd4a2b0) Importer(815301076,1909f56bfc062723c751e8b465ee728b)
Start importing Assets/Codigo/Player.cs using Guid(d6f6a16ac0f4e3642a0c4d3b5bd4a2b0) Importer(815301076,1909f56bfc062723c751e8b465ee728b)  -> (artifact id: 'b4a2b4bc241d89d41cd5fefdb26d1052') in 0.003436 seconds
  Import took 0.046650 seconds .

========================================================================
Received Import Request.
  Time since last request: 0.000702 seconds.
  path: Assets/Codigo/Player.cs
  artifactKey: Guid(d6f6a16ac0f4e3642a0c4d3b5bd4a2b0) Importer(815301076,1909f56bfc062723c751e8b465ee728b)
Start importing Assets/Codigo/Player.cs using Guid(d6f6a16ac0f4e3642a0c4d3b5bd4a2b0) Importer(815301076,1909f56bfc062723c751e8b465ee728b)  -> (artifact id: 'b4a2b4bc241d89d41cd5fefdb26d1052') in 0.002855 seconds
  Import took 0.006283 seconds .

========================================================================
Received Import Request.
  Time since last request: 3.712475 seconds.
  path: Assets/Codigo/Puerta.cs
  artifactKey: Guid(13e7cee38a92c104c9cc43f6a36cd626) Importer(815301076,1909f56bfc062723c751e8b465ee728b)
Start importing Assets/Codigo/Puerta.cs using Guid(13e7cee38a92c104c9cc43f6a36cd626) Importer(815301076,1909f56bfc062723c751e8b465ee728b)  -> (artifact id: 'cd9c0219e8c09b69870dcba113f5e6f7') in 0.024820 seconds
  Import took 0.049473 seconds .

========================================================================
Received Prepare
Registering precompiled user dll's ...
Registered in 0.001104 seconds.
Begin MonoManager ReloadAssembly
Native extension for WindowsStandalone target not found
Refreshing native plugins compatible for Editor in 0.55 ms, found 1 plugins.
Preloading 0 native plugins for Editor in 0.00 ms.
Mono: successfully reloaded assembly
- Completed reload, in  1.068 seconds
Platform modules already initialized, skipping
Refreshing native plugins compatible for Editor in 0.63 ms, found 1 plugins.
Preloading 0 native plugins for Editor in 0.00 ms.
Unloading 1840 Unused Serialized files (Serialized files now loaded: 0)
System memory in use before: 110.0 MB.
System memory in use after: 110.1 MB.

Unloading 9 unused Assets to reduce memory usage. Loaded Objects now: 2398.
Total: 2.426600 ms (FindLiveObjects: 0.248100 ms CreateObjectMapping: 0.101600 ms MarkObjects: 1.982100 ms  DeleteObjects: 0.093500 ms)

AssetImportWorkerClient::OnTransportError - code=2 error=End of file
