Using pre-set license
Built from '2020.3/staging' branch; Version is '2020.3.5f1 (8095aa901b9b) revision 8426922'; Using compiler version '192528614'; Build Type 'Release'
OS: 'Windows 10 Pro; OS build 19042.1165; Version 2009; 64bit' Language: 'es' Physical Memory: 3975 MB
BatchMode: 1, IsHumanControllingUs: 0, StartBugReporterOnCrash: 0, Is64bit: 1, IsPro: 0

 COMMAND LINE ARGUMENTS:
D:\Program Files\Editor\Unity.exe
-adb2
-batchMode
-noUpm
-name
AssetImportWorker1
-projectPath
D:/Program Files/Editor/U Program
-logFile
Logs/AssetImportWorker1.log
-srvPort
61837
Successfully changed project path to: D:/Program Files/Editor/U Program
D:/Program Files/Editor/U Program
Using Asset Import Pipeline V2.
Refreshing native plugins compatible for Editor in 42.54 ms, found 1 plugins.
Preloading 0 native plugins for Editor in 0.00 ms.
Initialize engine version: 2020.3.5f1 (8095aa901b9b)
[Subsystems] Discovering subsystems at path D:/Program Files/Editor/Data/Resources/UnitySubsystems
[Subsystems] Discovering subsystems at path D:/Program Files/Editor/U Program/Assets
GfxDevice: creating device client; threaded=0
Direct3D:
    Version:  Direct3D 11.0 [level 11.0]
    Renderer: NVIDIA GeForce MX110 (ID=0x174e)
    Vendor:   
    VRAM:     2010 MB
    Driver:   27.21.14.5749
Initialize mono
Mono path[0] = 'D:/Program Files/Editor/Data/Managed'
Mono path[1] = 'D:/Program Files/Editor/Data/MonoBleedingEdge/lib/mono/unityjit'
Mono config path = 'D:/Program Files/Editor/Data/MonoBleedingEdge/etc'
Using monoOptions --debugger-agent=transport=dt_socket,embedding=1,server=y,suspend=n,address=127.0.0.1:56060
Begin MonoManager ReloadAssembly
Registering precompiled unity dll's ...
Register platform support module: D:/Program Files/Editor/Data/PlaybackEngines/WindowsStandaloneSupport/UnityEditor.WindowsStandalone.Extensions.dll
Registered in 0.025545 seconds.
Native extension for WindowsStandalone target not found
Refreshing native plugins compatible for Editor in 46.53 ms, found 1 plugins.
Preloading 0 native plugins for Editor in 0.00 ms.
Mono: successfully reloaded assembly
- Completed reload, in  4.441 seconds
Platform modules already initialized, skipping
Registering precompiled user dll's ...
Registered in 0.023840 seconds.
Begin MonoManager ReloadAssembly
Native extension for WindowsStandalone target not found
Refreshing native plugins compatible for Editor in 42.41 ms, found 1 plugins.
Preloading 0 native plugins for Editor in 0.00 ms.
Mono: successfully reloaded assembly
- Completed reload, in  3.326 seconds
Platform modules already initialized, skipping
========================================================================
Worker process is ready to serve import requests
Launched and connected shader compiler UnityShaderCompiler.exe after 0.99 seconds
Refreshing native plugins compatible for Editor in 0.81 ms, found 1 plugins.
Preloading 0 native plugins for Editor in 0.00 ms.
Unloading 1861 Unused Serialized files (Serialized files now loaded: 0)
System memory in use before: 108.3 MB.
System memory in use after: 108.3 MB.

Unloading 20 unused Assets to reduce memory usage. Loaded Objects now: 2334.
Total: 175.571900 ms (FindLiveObjects: 0.301100 ms CreateObjectMapping: 0.090100 ms MarkObjects: 166.116600 ms  DeleteObjects: 9.060700 ms)

========================================================================
Received Prepare
Registering precompiled user dll's ...
Registered in 0.151013 seconds.
Begin MonoManager ReloadAssembly
Native extension for WindowsStandalone target not found
Refreshing native plugins compatible for Editor in 0.51 ms, found 1 plugins.
Preloading 0 native plugins for Editor in 0.00 ms.
Mono: successfully reloaded assembly
- Completed reload, in  3.049 seconds
Platform modules already initialized, skipping
Refreshing native plugins compatible for Editor in 0.38 ms, found 1 plugins.
Preloading 0 native plugins for Editor in 0.00 ms.
Unloading 1840 Unused Serialized files (Serialized files now loaded: 0)
System memory in use before: 106.7 MB.
System memory in use after: 106.7 MB.

Unloading 9 unused Assets to reduce memory usage. Loaded Objects now: 2338.
Total: 22.001000 ms (FindLiveObjects: 0.279700 ms CreateObjectMapping: 0.086000 ms MarkObjects: 21.529800 ms  DeleteObjects: 0.103400 ms)

========================================================================
Received Import Request.
  path: Assets/Codigo/AuxPlayer.cs
  artifactKey: Guid(8463bddc81fd6e641be3ca8c504abdc3) Importer(815301076,1909f56bfc062723c751e8b465ee728b)
Start importing Assets/Codigo/AuxPlayer.cs using Guid(8463bddc81fd6e641be3ca8c504abdc3) Importer(815301076,1909f56bfc062723c751e8b465ee728b)  -> (artifact id: 'b0fdf8c14daa9cfd400de43390879a08') in 0.725866 seconds
  Import took 1.112215 seconds .

========================================================================
Received Prepare
Registering precompiled user dll's ...
Registered in 0.000950 seconds.
Begin MonoManager ReloadAssembly
Native extension for WindowsStandalone target not found
Refreshing native plugins compatible for Editor in 0.49 ms, found 1 plugins.
Preloading 0 native plugins for Editor in 0.00 ms.
Mono: successfully reloaded assembly
- Completed reload, in  0.934 seconds
Platform modules already initialized, skipping
Refreshing native plugins compatible for Editor in 0.80 ms, found 1 plugins.
Preloading 0 native plugins for Editor in 0.00 ms.
Unloading 1840 Unused Serialized files (Serialized files now loaded: 0)
System memory in use before: 106.7 MB.
System memory in use after: 106.8 MB.

Unloading 9 unused Assets to reduce memory usage. Loaded Objects now: 2342.
Total: 2.729400 ms (FindLiveObjects: 0.297200 ms CreateObjectMapping: 0.130900 ms MarkObjects: 2.197200 ms  DeleteObjects: 0.102100 ms)

========================================================================
Received Prepare
Registering precompiled user dll's ...
Registered in 0.001062 seconds.
Begin MonoManager ReloadAssembly
Native extension for WindowsStandalone target not found
Refreshing native plugins compatible for Editor in 0.45 ms, found 1 plugins.
Preloading 0 native plugins for Editor in 0.00 ms.
Mono: successfully reloaded assembly
- Completed reload, in  0.923 seconds
Platform modules already initialized, skipping
Refreshing native plugins compatible for Editor in 0.41 ms, found 1 plugins.
Preloading 0 native plugins for Editor in 0.00 ms.
Unloading 1840 Unused Serialized files (Serialized files now loaded: 0)
System memory in use before: 106.7 MB.
System memory in use after: 106.8 MB.

Unloading 9 unused Assets to reduce memory usage. Loaded Objects now: 2346.
Total: 2.360200 ms (FindLiveObjects: 0.257500 ms CreateObjectMapping: 0.108700 ms MarkObjects: 1.898500 ms  DeleteObjects: 0.093900 ms)

========================================================================
Received Import Request.
  Time since last request: 386.666238 seconds.
  path: Assets/Codigo/AuxPlayer.cs
  artifactKey: Guid(8463bddc81fd6e641be3ca8c504abdc3) Importer(815301076,1909f56bfc062723c751e8b465ee728b)
Start importing Assets/Codigo/AuxPlayer.cs using Guid(8463bddc81fd6e641be3ca8c504abdc3) Importer(815301076,1909f56bfc062723c751e8b465ee728b)  -> (artifact id: '3705eb24c0b732a93cfdd33c93a94a84') in 0.005919 seconds
  Import took 0.105854 seconds .

========================================================================
Received Prepare
Registering precompiled user dll's ...
Registered in 0.000992 seconds.
Begin MonoManager ReloadAssembly
Native extension for WindowsStandalone target not found
Refreshing native plugins compatible for Editor in 0.92 ms, found 1 plugins.
Preloading 0 native plugins for Editor in 0.00 ms.
Mono: successfully reloaded assembly
- Completed reload, in  0.907 seconds
Platform modules already initialized, skipping
Refreshing native plugins compatible for Editor in 0.46 ms, found 1 plugins.
Preloading 0 native plugins for Editor in 0.00 ms.
Unloading 1840 Unused Serialized files (Serialized files now loaded: 0)
System memory in use before: 106.8 MB.
System memory in use after: 106.8 MB.

Unloading 9 unused Assets to reduce memory usage. Loaded Objects now: 2350.
Total: 2.811800 ms (FindLiveObjects: 0.301400 ms CreateObjectMapping: 0.108000 ms MarkObjects: 2.274000 ms  DeleteObjects: 0.126600 ms)

========================================================================
Received Prepare
Registering precompiled user dll's ...
Registered in 0.001086 seconds.
Begin MonoManager ReloadAssembly
Native extension for WindowsStandalone target not found
Refreshing native plugins compatible for Editor in 0.44 ms, found 1 plugins.
Preloading 0 native plugins for Editor in 0.00 ms.
Mono: successfully reloaded assembly
- Completed reload, in  0.921 seconds
Platform modules already initialized, skipping
Refreshing native plugins compatible for Editor in 0.40 ms, found 1 plugins.
Preloading 0 native plugins for Editor in 0.00 ms.
Unloading 1840 Unused Serialized files (Serialized files now loaded: 0)
System memory in use before: 106.8 MB.
System memory in use after: 106.8 MB.

Unloading 9 unused Assets to reduce memory usage. Loaded Objects now: 2354.
Total: 3.944700 ms (FindLiveObjects: 0.955200 ms CreateObjectMapping: 0.297800 ms MarkObjects: 2.545700 ms  DeleteObjects: 0.143500 ms)

AssetImportWorkerClient::OnTransportError - code=2 error=End of file
